<?xml version="1.0" encoding="UTF-8"?>
<!-- Generated by org.testng.reporters.JUnitReportReporter -->
<testsuite skipped="0" hostname="User-PC" name="com.JIRAAPIProject.goodpractice.CreateIssue" tests="1" failures="0" timestamp="18 May 2019 01:43:11 GMT" time="2.103" errors="0">
  <testcase name="createAnIssue" time="2.103" classname="com.JIRAAPIProject.goodpractice.CreateIssue"/>
</testsuite> <!-- com.JIRAAPIProject.goodpractice.CreateIssue -->
