<?xml version="1.0" encoding="UTF-8"?>
<!-- Generated by org.testng.reporters.JUnitReportReporter -->
<testsuite skipped="0" hostname="User-PC" name="com.JIRAAPIProject.goodpractice.JIRAAuthentication" tests="1" failures="0" timestamp="18 May 2019 01:38:10 GMT" time="1.954" errors="0">
  <testcase name="authentication" time="1.954" classname="com.JIRAAPIProject.goodpractice.JIRAAuthentication"/>
</testsuite> <!-- com.JIRAAPIProject.goodpractice.JIRAAuthentication -->
